<?xml version="1.0" encoding="UTF-8"?>
<testsuite name="org.ggyool.exam01.web.HelloControllerTest" tests="2" skipped="0" failures="0" errors="0" timestamp="2020-05-14T16:41:29" hostname="ggyool.local" time="0.277">
  <properties/>
  <testcase name="hello가_return" classname="org.ggyool.exam01.web.HelloControllerTest" time="0.215"/>
  <testcase name="helloDto_return_test" classname="org.ggyool.exam01.web.HelloControllerTest" time="0.061"/>
  <system-out><![CDATA[01:41:27.219 [Test worker] DEBUG org.springframework.test.context.junit4.SpringJUnit4ClassRunner - SpringJUnit4ClassRunner constructor called with [class org.ggyool.exam01.web.HelloControllerTest]
01:41:27.225 [Test worker] DEBUG org.springframework.test.context.BootstrapUtils - Instantiating CacheAwareContextLoaderDelegate from class [org.springframework.test.context.cache.DefaultCacheAwareContextLoaderDelegate]
01:41:27.230 [Test worker] DEBUG org.springframework.test.context.BootstrapUtils - Instantiating BootstrapContext using constructor [public org.springframework.test.context.support.DefaultBootstrapContext(java.lang.Class,org.springframework.test.context.CacheAwareContextLoaderDelegate)]
01:41:27.247 [Test worker] DEBUG org.springframework.test.context.BootstrapUtils - Instantiating TestContextBootstrapper for test class [org.ggyool.exam01.web.HelloControllerTest] from class [org.springframework.boot.test.autoconfigure.web.servlet.WebMvcTestContextBootstrapper]
01:41:27.260 [Test worker] INFO org.springframework.boot.test.autoconfigure.web.servlet.WebMvcTestContextBootstrapper - Neither @ContextConfiguration nor @ContextHierarchy found for test class [org.ggyool.exam01.web.HelloControllerTest], using SpringBootContextLoader
01:41:27.262 [Test worker] DEBUG org.springframework.test.context.support.AbstractContextLoader - Did not detect default resource location for test class [org.ggyool.exam01.web.HelloControllerTest]: class path resource [org/ggyool/exam01/web/HelloControllerTest-context.xml] does not exist
01:41:27.263 [Test worker] DEBUG org.springframework.test.context.support.AbstractContextLoader - Did not detect default resource location for test class [org.ggyool.exam01.web.HelloControllerTest]: class path resource [org/ggyool/exam01/web/HelloControllerTestContext.groovy] does not exist
01:41:27.263 [Test worker] INFO org.springframework.test.context.support.AbstractContextLoader - Could not detect default resource locations for test class [org.ggyool.exam01.web.HelloControllerTest]: no resource found for suffixes {-context.xml, Context.groovy}.
01:41:27.263 [Test worker] INFO org.springframework.test.context.support.AnnotationConfigContextLoaderUtils - Could not detect default configuration classes for test class [org.ggyool.exam01.web.HelloControllerTest]: HelloControllerTest does not declare any static, non-private, non-final, nested classes annotated with @Configuration.
01:41:27.316 [Test worker] DEBUG org.springframework.test.context.support.ActiveProfilesUtils - Could not find an 'annotation declaring class' for annotation type [org.springframework.test.context.ActiveProfiles] and class [org.ggyool.exam01.web.HelloControllerTest]
01:41:27.376 [Test worker] DEBUG org.springframework.context.annotation.ClassPathScanningCandidateComponentProvider - Identified candidate component class: file [/Users/ggyool/Dev/study-alone/springboot-aws-book/build/classes/java/main/org/ggyool/exam01/Application.class]
01:41:27.377 [Test worker] INFO org.springframework.boot.test.context.SpringBootTestContextBootstrapper - Found @SpringBootConfiguration org.ggyool.exam01.Application for test class org.ggyool.exam01.web.HelloControllerTest
01:41:27.378 [Test worker] DEBUG org.springframework.boot.test.autoconfigure.web.servlet.WebMvcTestContextBootstrapper - @TestExecutionListeners is not present for class [org.ggyool.exam01.web.HelloControllerTest]: using defaults.
01:41:27.379 [Test worker] INFO org.springframework.boot.test.autoconfigure.web.servlet.WebMvcTestContextBootstrapper - Loaded default TestExecutionListener class names from location [META-INF/spring.factories]: [org.springframework.security.test.context.support.WithSecurityContextTestExecutionListener, org.springframework.security.test.context.support.ReactorContextTestExecutionListener, org.springframework.boot.test.autoconfigure.restdocs.RestDocsTestExecutionListener, org.springframework.boot.test.autoconfigure.web.client.MockRestServiceServerResetTestExecutionListener, org.springframework.boot.test.autoconfigure.web.servlet.MockMvcPrintOnlyOnFailureTestExecutionListener, org.springframework.boot.test.autoconfigure.web.servlet.WebDriverTestExecutionListener, org.springframework.boot.test.mock.mockito.MockitoTestExecutionListener, org.springframework.boot.test.mock.mockito.ResetMocksTestExecutionListener, org.springframework.test.context.web.ServletTestExecutionListener, org.springframework.test.context.support.DirtiesContextBeforeModesTestExecutionListener, org.springframework.test.context.support.DependencyInjectionTestExecutionListener, org.springframework.test.context.support.DirtiesContextTestExecutionListener, org.springframework.test.context.transaction.TransactionalTestExecutionListener, org.springframework.test.context.jdbc.SqlScriptsTestExecutionListener]
01:41:27.392 [Test worker] INFO org.springframework.boot.test.autoconfigure.web.servlet.WebMvcTestContextBootstrapper - Using TestExecutionListeners: [org.springframework.test.context.web.ServletTestExecutionListener@73a53d08, org.springframework.test.context.support.DirtiesContextBeforeModesTestExecutionListener@6ff83157, org.springframework.boot.test.mock.mockito.MockitoTestExecutionListener@41d4525b, org.springframework.boot.test.autoconfigure.SpringBootDependencyInjectionTestExecutionListener@4d31ee01, org.springframework.test.context.support.DirtiesContextTestExecutionListener@1726d7d2, org.springframework.test.context.transaction.TransactionalTestExecutionListener@39fa2ee8, org.springframework.test.context.jdbc.SqlScriptsTestExecutionListener@5adff506, org.springframework.security.test.context.support.WithSecurityContextTestExecutionListener@185c49ba, org.springframework.security.test.context.support.ReactorContextTestExecutionListener@39e59524, org.springframework.boot.test.autoconfigure.restdocs.RestDocsTestExecutionListener@5100719e, org.springframework.boot.test.autoconfigure.web.client.MockRestServiceServerResetTestExecutionListener@7452c97d, org.springframework.boot.test.autoconfigure.web.servlet.MockMvcPrintOnlyOnFailureTestExecutionListener@eb94fd4, org.springframework.boot.test.autoconfigure.web.servlet.WebDriverTestExecutionListener@1be0a792, org.springframework.boot.test.mock.mockito.ResetMocksTestExecutionListener@493eb9f1]
01:41:27.394 [Test worker] DEBUG org.springframework.test.annotation.ProfileValueUtils - Retrieved @ProfileValueSourceConfiguration [null] for test class [org.ggyool.exam01.web.HelloControllerTest]
01:41:27.395 [Test worker] DEBUG org.springframework.test.annotation.ProfileValueUtils - Retrieved ProfileValueSource type [class org.springframework.test.annotation.SystemProfileValueSource] for class [org.ggyool.exam01.web.HelloControllerTest]
01:41:27.395 [Test worker] DEBUG org.springframework.test.annotation.ProfileValueUtils - Retrieved @ProfileValueSourceConfiguration [null] for test class [org.ggyool.exam01.web.HelloControllerTest]
01:41:27.395 [Test worker] DEBUG org.springframework.test.annotation.ProfileValueUtils - Retrieved ProfileValueSource type [class org.springframework.test.annotation.SystemProfileValueSource] for class [org.ggyool.exam01.web.HelloControllerTest]
01:41:27.399 [Test worker] DEBUG org.springframework.test.context.support.AbstractDirtiesContextTestExecutionListener - Before test class: context [DefaultTestContext@74e9b657 testClass = HelloControllerTest, testInstance = [null], testMethod = [null], testException = [null], mergedContextConfiguration = [WebMergedContextConfiguration@5e762622 testClass = HelloControllerTest, locations = '{}', classes = '{class org.ggyool.exam01.Application}', contextInitializerClasses = '[]', activeProfiles = '{}', propertySourceLocations = '{}', propertySourceProperties = '{org.springframework.boot.test.autoconfigure.web.servlet.WebMvcTestContextBootstrapper=true}', contextCustomizers = set[org.springframework.boot.test.autoconfigure.OverrideAutoConfigurationContextCustomizerFactory$DisableAutoConfigurationContextCustomizer@472b4826, org.springframework.boot.test.autoconfigure.filter.TypeExcludeFiltersContextCustomizer@2e1e3415, org.springframework.boot.test.autoconfigure.properties.PropertyMappingContextCustomizer@fb400fe1, org.springframework.boot.test.autoconfigure.web.servlet.WebDriverContextCustomizerFactory$Customizer@48fddabb, [ImportsContextCustomizer@20ea6e94 key = [org.springframework.boot.autoconfigure.cache.CacheAutoConfiguration, org.springframework.boot.autoconfigure.context.MessageSourceAutoConfiguration, org.springframework.boot.autoconfigure.data.web.SpringDataWebAutoConfiguration, org.springframework.boot.autoconfigure.freemarker.FreeMarkerAutoConfiguration, org.springframework.boot.autoconfigure.groovy.template.GroovyTemplateAutoConfiguration, org.springframework.boot.autoconfigure.gson.GsonAutoConfiguration, org.springframework.boot.autoconfigure.hateoas.HypermediaAutoConfiguration, org.springframework.boot.autoconfigure.http.HttpMessageConvertersAutoConfiguration, org.springframework.boot.autoconfigure.jackson.JacksonAutoConfiguration, org.springframework.boot.autoconfigure.jsonb.JsonbAutoConfiguration, org.springframework.boot.autoconfigure.mustache.MustacheAutoConfiguration, org.springframework.boot.autoconfigure.task.TaskExecutionAutoConfiguration, org.springframework.boot.autoconfigure.thymeleaf.ThymeleafAutoConfiguration, org.springframework.boot.autoconfigure.validation.ValidationAutoConfiguration, org.springframework.boot.autoconfigure.web.servlet.error.ErrorMvcAutoConfiguration, org.springframework.boot.autoconfigure.web.servlet.WebMvcAutoConfiguration, org.springframework.boot.test.autoconfigure.web.servlet.MockMvcAutoConfiguration, org.springframework.boot.test.autoconfigure.web.servlet.MockMvcSecurityAutoConfiguration, org.springframework.boot.test.autoconfigure.web.servlet.MockMvcWebClientAutoConfiguration, org.springframework.boot.test.autoconfigure.web.servlet.MockMvcWebDriverAutoConfiguration]], org.springframework.boot.test.context.filter.ExcludeFilterContextCustomizer@4bf9d3ba, org.springframework.boot.test.json.DuplicateJsonObjectContextCustomizerFactory$DuplicateJsonObjectContextCustomizer@257fb2a7, org.springframework.boot.test.mock.mockito.MockitoContextCustomizer@0], resourceBasePath = 'src/main/webapp', contextLoader = 'org.springframework.boot.test.context.SpringBootContextLoader', parent = [null]], attributes = map[[empty]]], class annotated with @DirtiesContext [false] with mode [null].
01:41:27.400 [Test worker] DEBUG org.springframework.test.annotation.ProfileValueUtils - Retrieved @ProfileValueSourceConfiguration [null] for test class [org.ggyool.exam01.web.HelloControllerTest]
01:41:27.400 [Test worker] DEBUG org.springframework.test.annotation.ProfileValueUtils - Retrieved ProfileValueSource type [class org.springframework.test.annotation.SystemProfileValueSource] for class [org.ggyool.exam01.web.HelloControllerTest]
01:41:27.404 [Test worker] DEBUG org.springframework.test.context.support.DependencyInjectionTestExecutionListener - Performing dependency injection for test context [[DefaultTestContext@74e9b657 testClass = HelloControllerTest, testInstance = org.ggyool.exam01.web.HelloControllerTest@666e029e, testMethod = [null], testException = [null], mergedContextConfiguration = [WebMergedContextConfiguration@5e762622 testClass = HelloControllerTest, locations = '{}', classes = '{class org.ggyool.exam01.Application}', contextInitializerClasses = '[]', activeProfiles = '{}', propertySourceLocations = '{}', propertySourceProperties = '{org.springframework.boot.test.autoconfigure.web.servlet.WebMvcTestContextBootstrapper=true}', contextCustomizers = set[org.springframework.boot.test.autoconfigure.OverrideAutoConfigurationContextCustomizerFactory$DisableAutoConfigurationContextCustomizer@472b4826, org.springframework.boot.test.autoconfigure.filter.TypeExcludeFiltersContextCustomizer@2e1e3415, org.springframework.boot.test.autoconfigure.properties.PropertyMappingContextCustomizer@fb400fe1, org.springframework.boot.test.autoconfigure.web.servlet.WebDriverContextCustomizerFactory$Customizer@48fddabb, [ImportsContextCustomizer@20ea6e94 key = [org.springframework.boot.autoconfigure.cache.CacheAutoConfiguration, org.springframework.boot.autoconfigure.context.MessageSourceAutoConfiguration, org.springframework.boot.autoconfigure.data.web.SpringDataWebAutoConfiguration, org.springframework.boot.autoconfigure.freemarker.FreeMarkerAutoConfiguration, org.springframework.boot.autoconfigure.groovy.template.GroovyTemplateAutoConfiguration, org.springframework.boot.autoconfigure.gson.GsonAutoConfiguration, org.springframework.boot.autoconfigure.hateoas.HypermediaAutoConfiguration, org.springframework.boot.autoconfigure.http.HttpMessageConvertersAutoConfiguration, org.springframework.boot.autoconfigure.jackson.JacksonAutoConfiguration, org.springframework.boot.autoconfigure.jsonb.JsonbAutoConfiguration, org.springframework.boot.autoconfigure.mustache.MustacheAutoConfiguration, org.springframework.boot.autoconfigure.task.TaskExecutionAutoConfiguration, org.springframework.boot.autoconfigure.thymeleaf.ThymeleafAutoConfiguration, org.springframework.boot.autoconfigure.validation.ValidationAutoConfiguration, org.springframework.boot.autoconfigure.web.servlet.error.ErrorMvcAutoConfiguration, org.springframework.boot.autoconfigure.web.servlet.WebMvcAutoConfiguration, org.springframework.boot.test.autoconfigure.web.servlet.MockMvcAutoConfiguration, org.springframework.boot.test.autoconfigure.web.servlet.MockMvcSecurityAutoConfiguration, org.springframework.boot.test.autoconfigure.web.servlet.MockMvcWebClientAutoConfiguration, org.springframework.boot.test.autoconfigure.web.servlet.MockMvcWebDriverAutoConfiguration]], org.springframework.boot.test.context.filter.ExcludeFilterContextCustomizer@4bf9d3ba, org.springframework.boot.test.json.DuplicateJsonObjectContextCustomizerFactory$DuplicateJsonObjectContextCustomizer@257fb2a7, org.springframework.boot.test.mock.mockito.MockitoContextCustomizer@0], resourceBasePath = 'src/main/webapp', contextLoader = 'org.springframework.boot.test.context.SpringBootContextLoader', parent = [null]], attributes = map[[empty]]]].
01:41:27.491 [Test worker] DEBUG org.springframework.test.context.support.TestPropertySourceUtils - Adding inlined properties to environment: {spring.jmx.enabled=false, org.springframework.boot.test.autoconfigure.web.servlet.WebMvcTestContextBootstrapper=true, server.port=-1}

  .   ____          _            __ _ _
 /\\ / ___'_ __ _ _(_)_ __  __ _ \ \ \ \
( ( )\___ | '_ | '_| | '_ \/ _` | \ \ \ \
 \\/  ___)| |_)| | | | | || (_| |  ) ) ) )
  '  |____| .__|_| |_|_| |_\__, | / / / /
 =========|_|==============|___/=/_/_/_/
 :: Spring Boot ::        (v2.1.7.RELEASE)

2020-05-15 01:41:27.847  INFO 1284 --- [    Test worker] o.ggyool.exam01.web.HelloControllerTest  : Starting HelloControllerTest on ggyool.local with PID 1284 (started by ggyool in /Users/ggyool/Dev/study-alone/springboot-aws-book)
2020-05-15 01:41:27.849  INFO 1284 --- [    Test worker] o.ggyool.exam01.web.HelloControllerTest  : No active profile set, falling back to default profiles: default
2020-05-15 01:41:28.815  INFO 1284 --- [    Test worker] o.s.s.concurrent.ThreadPoolTaskExecutor  : Initializing ExecutorService 'applicationTaskExecutor'
2020-05-15 01:41:28.883  INFO 1284 --- [    Test worker] o.s.b.a.w.s.WelcomePageHandlerMapping    : Adding welcome page template: index
2020-05-15 01:41:29.163  INFO 1284 --- [    Test worker] .s.s.UserDetailsServiceAutoConfiguration : 

Using generated security password: 1b173583-a137-4600-90e0-7cbbb1d5564c

2020-05-15 01:41:29.361  INFO 1284 --- [    Test worker] o.s.s.web.DefaultSecurityFilterChain     : Creating filter chain: any request, [org.springframework.security.web.context.request.async.WebAsyncManagerIntegrationFilter@31beb128, org.springframework.security.web.context.SecurityContextPersistenceFilter@40a17e73, org.springframework.security.web.header.HeaderWriterFilter@69ef7269, org.springframework.security.web.csrf.CsrfFilter@2a61386, org.springframework.security.web.authentication.logout.LogoutFilter@3832bafb, org.springframework.security.web.authentication.UsernamePasswordAuthenticationFilter@19232839, org.springframework.security.web.authentication.ui.DefaultLoginPageGeneratingFilter@72f32396, org.springframework.security.web.authentication.ui.DefaultLogoutPageGeneratingFilter@6bfcefe6, org.springframework.security.web.authentication.www.BasicAuthenticationFilter@55115a92, org.springframework.security.web.savedrequest.RequestCacheAwareFilter@694c3ca9, org.springframework.security.web.servletapi.SecurityContextHolderAwareRequestFilter@5cca1a85, org.springframework.security.web.authentication.AnonymousAuthenticationFilter@2a79b0fe, org.springframework.security.web.session.SessionManagementFilter@5af05484, org.springframework.security.web.access.ExceptionTranslationFilter@78496415, org.springframework.security.web.access.intercept.FilterSecurityInterceptor@76f18309]
2020-05-15 01:41:29.393  INFO 1284 --- [    Test worker] o.s.b.t.m.w.SpringBootMockServletContext : Initializing Spring TestDispatcherServlet ''
2020-05-15 01:41:29.393  INFO 1284 --- [    Test worker] o.s.t.web.servlet.TestDispatcherServlet  : Initializing Servlet ''
2020-05-15 01:41:29.406  INFO 1284 --- [    Test worker] o.s.t.web.servlet.TestDispatcherServlet  : Completed initialization in 12 ms
2020-05-15 01:41:29.445  INFO 1284 --- [    Test worker] o.ggyool.exam01.web.HelloControllerTest  : Started HelloControllerTest in 1.947 seconds (JVM running for 2.693)
]]></system-out>
  <system-err><![CDATA[]]></system-err>
</testsuite>
